Unity Editor version:    2020.3.19f1 (68f137dc9bbe)
Branch:                  2020.3/staging
Build type:              Release
Batch mode:              YES
macOS version:           Version 11.6 (Build 20G165)
Darwin version:          20.6.0
Architecture:            x86_64
Running under Rosetta:   NO
Available memory:        16384 MB
Using pre-set license
Pro License: NO

COMMAND LINE ARGUMENTS:
/Applications/Unity/Hub/Editor/2020.3.19f1/Unity.app/Contents/MacOS/Unity
-adb2
-batchMode
-noUpm
-name
AssetImportWorker0
-projectPath
/Users/rad257/Documents/CSE23/assignment8
-logFile
Logs/AssetImportWorker0.log
-srvPort
63868
Successfully changed project path to: /Users/rad257/Documents/CSE23/assignment8
/Users/rad257/Documents/CSE23/assignment8
Using Asset Import Pipeline V2.
Refreshing native plugins compatible for Editor in 63.66 ms, found 2 plugins.
Preloading 0 native plugins for Editor in 0.00 ms.
Initialize engine version: 2020.3.19f1 (68f137dc9bbe)
[Subsystems] Discovering subsystems at path /Applications/Unity/Hub/Editor/2020.3.19f1/Unity.app/Contents/Resources/UnitySubsystems
[Subsystems] Discovering subsystems at path /Users/rad257/Documents/CSE23/assignment8/Assets
GfxDevice: creating device client; threaded=0
2021-11-02 14:13:25.421 Unity[73863:791217] Color LCD preferred device: AMD Radeon Pro 5300M (high power)
2021-11-02 14:13:25.421 Unity[73863:791217] Metal devices available: 2
2021-11-02 14:13:25.422 Unity[73863:791217] 0: AMD Radeon Pro 5300M (high power)
2021-11-02 14:13:25.422 Unity[73863:791217] 1: Intel(R) UHD Graphics 630 (low power)
2021-11-02 14:13:25.422 Unity[73863:791217] Using device AMD Radeon Pro 5300M (high power)
Initializing Metal device caps: AMD Radeon Pro 5300M
Initialize mono
Mono path[0] = '/Applications/Unity/Hub/Editor/2020.3.19f1/Unity.app/Contents/Managed'
Mono path[1] = '/Applications/Unity/Hub/Editor/2020.3.19f1/Unity.app/Contents/MonoBleedingEdge/lib/mono/unityjit'
Mono config path = '/Applications/Unity/Hub/Editor/2020.3.19f1/Unity.app/Contents/MonoBleedingEdge/etc'
Using monoOptions --debugger-agent=transport=dt_socket,embedding=1,server=y,suspend=n,address=127.0.0.1:56863
Begin MonoManager ReloadAssembly
Registering precompiled unity dll's ...
Register platform support module: /Applications/Unity/Hub/Editor/2020.3.19f1/Unity.app/Contents/PlaybackEngines/MacStandaloneSupport/UnityEditor.OSXStandalone.Extensions.dll
Registered in 0.001777 seconds.
Native extension for OSXStandalone target not found
Refreshing native plugins compatible for Editor in 38.65 ms, found 2 plugins.
Preloading 0 native plugins for Editor in 0.00 ms.
Mono: successfully reloaded assembly
- Completed reload, in  2.031 seconds
Domain Reload Profiling:
	ReloadAssembly (2031ms)
		BeginReloadAssembly (54ms)
			ExecutionOrderSort (0ms)
			DisableScriptedObjects (0ms)
			BackupInstance (0ms)
			ReleaseScriptingObjects (0ms)
			CreateAndSetChildDomain (1ms)
		EndReloadAssembly (484ms)
			LoadAssemblies (54ms)
			RebuildTransferFunctionScriptingTraits (0ms)
			SetupTypeCache (195ms)
			ReleaseScriptCaches (0ms)
			RebuildScriptCaches (40ms)
			SetupLoadedEditorAssemblies (194ms)
				LogAssemblyErrors (0ms)
				InitializePlatformSupportModulesInManaged (4ms)
				SetLoadedEditorAssemblies (0ms)
				RefreshPlugins (39ms)
				BeforeProcessingInitializeOnLoad (9ms)
				ProcessInitializeOnLoadAttributes (110ms)
				ProcessInitializeOnLoadMethodAttributes (32ms)
				AfterProcessingInitializeOnLoad (0ms)
				EditorAssembliesLoaded (0ms)
			ExecutionOrderSort2 (0ms)
			AwakeInstancesAfterBackupRestoration (0ms)
Platform modules already initialized, skipping
Registering precompiled user dll's ...
Registered in 0.005928 seconds.
Begin MonoManager ReloadAssembly
Native extension for OSXStandalone target not found
Refreshing native plugins compatible for Editor in 0.62 ms, found 2 plugins.
Preloading 0 native plugins for Editor in 0.00 ms.
Mono: successfully reloaded assembly
- Completed reload, in  1.298 seconds
Domain Reload Profiling:
	ReloadAssembly (1299ms)
		BeginReloadAssembly (182ms)
			ExecutionOrderSort (0ms)
			DisableScriptedObjects (6ms)
			BackupInstance (0ms)
			ReleaseScriptingObjects (0ms)
			CreateAndSetChildDomain (32ms)
		EndReloadAssembly (1047ms)
			LoadAssemblies (107ms)
			RebuildTransferFunctionScriptingTraits (0ms)
			SetupTypeCache (358ms)
			ReleaseScriptCaches (0ms)
			RebuildScriptCaches (63ms)
			SetupLoadedEditorAssemblies (400ms)
				LogAssemblyErrors (0ms)
				InitializePlatformSupportModulesInManaged (5ms)
				SetLoadedEditorAssemblies (1ms)
				RefreshPlugins (1ms)
				BeforeProcessingInitializeOnLoad (64ms)
				ProcessInitializeOnLoadAttributes (280ms)
				ProcessInitializeOnLoadMethodAttributes (48ms)
				AfterProcessingInitializeOnLoad (1ms)
				EditorAssembliesLoaded (0ms)
			ExecutionOrderSort2 (0ms)
			AwakeInstancesAfterBackupRestoration (8ms)
Platform modules already initialized, skipping
Validating Project structure ... 0.001882 seconds.
Shader import version has changed; will reimport all shaders...
Upgrading shader files ...0.002175 seconds.
Application.AssetDatabase Initial Script Refresh Start
RefreshInfo: InitialScriptRefreshV2(NoUpdateAssetOptions) scanfilter:  ... 1 filters
RefreshProfiler: Total: 0.000ms
Application.AssetDatabase Initial Script Refresh End
Application.AssetDatabase.Refresh Start
Application.AssetDatabase.Refresh End
RefreshInfo: StopAssetImportingV2(ForceSynchronousImport) scanfilter: 
RefreshProfiler: Total: 0.000ms
Launching external process: /Applications/Unity/Hub/Editor/2020.3.19f1/Unity.app/Contents/Tools/UnityShaderCompiler
Launched and connected shader compiler UnityShaderCompiler after 0.01 seconds
Initializing Unity extensions:
========================================================================
Worker process is ready to serve import requests
Refreshing native plugins compatible for Editor in 0.49 ms, found 2 plugins.
Preloading 0 native plugins for Editor in 0.00 ms.
Unloading 1982 Unused Serialized files (Serialized files now loaded: 0)
System memory in use before: 179.2 MB.
System memory in use after: 178.3 MB.

Unloading 150 unused Assets to reduce memory usage. Loaded Objects now: 2427.
Total: 8.610067 ms (FindLiveObjects: 0.204240 ms CreateObjectMapping: 0.068963 ms MarkObjects: 7.788215 ms  DeleteObjects: 0.547301 ms)

AssetImportParameters requested are different than current active one (requested -> active):
  custom:video-decoder-ogg-theora: a1e56fd34408186e4bbccfd4996cb3dc -> 
  custom:container-muxer-webm: aa71ff27fc2769a1b78a27578f13a17b -> 
  custom:container-demuxer-webm: 4f35f7cbe854078d1ac9338744f61a02 -> 
  custom:container-demuxer-ogg: 62fdf1f143b41e24485cea50d1cbac27 -> 
  custom:video-encoder-webm-vp8: eb34c28f22e8b96e1ab97ce403110664 -> 
  custom:framework-osx-AVFoundation: e770b220cccbd017edd2c1fefb359320 -> 
  custom:video-decoder-webm-vp8: 9c59270c3fd7afecdb556c50c9e8de78 -> 
  custom:audio-decoder-ogg-vorbis: bf7c407c2cedff20999df2af8eb42d56 -> 
  custom:audio-encoder-webm-vorbis: bf7c407c2cedff20999df2af8eb42d56 -> 
========================================================================
Received Import Request.
  path: Assets/ProtoPack/Models/Star.FBX
  artifactKey: Guid(6b6696cce671505479700ed6b4c3d105) Importer(815301076,1909f56bfc062723c751e8b465ee728b)
Start importing Assets/ProtoPack/Models/Star.FBX using Guid(6b6696cce671505479700ed6b4c3d105) Importer(815301076,1909f56bfc062723c751e8b465ee728b)  -> (artifact id: 'c346cbea382b1b391eeb138497acd9f2') in 1.869182 seconds 
  Import took 1.874462 seconds .

========================================================================
Received Import Request.
  Time since last request: 0.003329 seconds.
  path: Assets/Resources/Models/lameheli.blend
  artifactKey: Guid(1c5b899f2169546fdad12adc23216066) Importer(815301076,1909f56bfc062723c751e8b465ee728b)
Start importing Assets/Resources/Models/lameheli.blend using Guid(1c5b899f2169546fdad12adc23216066) Importer(815301076,1909f56bfc062723c751e8b465ee728b)  -> (artifact id: 'b428171d5fd9a0bbc69f496aae7ffdb1') in 0.605049 seconds 
  Import took 0.608753 seconds .

========================================================================
Received Import Request.
  Time since last request: 0.005799 seconds.
  path: Assets/ProtoPack/Models/Chest.FBX
  artifactKey: Guid(968ba461c44901f4e833fef979b48c1d) Importer(815301076,1909f56bfc062723c751e8b465ee728b)
Start importing Assets/ProtoPack/Models/Chest.FBX using Guid(968ba461c44901f4e833fef979b48c1d) Importer(815301076,1909f56bfc062723c751e8b465ee728b)  -> (artifact id: 'c2aa5288216420c1bb08e9e614c5b618') in 0.031668 seconds 
  Import took 0.035966 seconds .

========================================================================
Received Import Request.
  Time since last request: 0.000256 seconds.
  path: Assets/ProtoPack/Models/Player.FBX
  artifactKey: Guid(ca7aadabb174a104e81bf2306f98fc87) Importer(815301076,1909f56bfc062723c751e8b465ee728b)
Start importing Assets/ProtoPack/Models/Player.FBX using Guid(ca7aadabb174a104e81bf2306f98fc87) Importer(815301076,1909f56bfc062723c751e8b465ee728b)  -> (artifact id: '9ac6044f53e4199d06b069bd9efd0f93') in 0.115910 seconds 
  Import took 0.119466 seconds .

========================================================================
Received Import Request.
  Time since last request: 0.000408 seconds.
  path: Assets/ProtoPack/Models/Platform.FBX
  artifactKey: Guid(e5213d2b0ce6b3348a4de67ed70a3354) Importer(815301076,1909f56bfc062723c751e8b465ee728b)
Start importing Assets/ProtoPack/Models/Platform.FBX using Guid(e5213d2b0ce6b3348a4de67ed70a3354) Importer(815301076,1909f56bfc062723c751e8b465ee728b)  -> (artifact id: '288a8d85fafcba05c01df562d74068fe') in 0.016955 seconds 
  Import took 0.020916 seconds .

========================================================================
Received Import Request.
  Time since last request: 0.000290 seconds.
  path: Assets/ProtoPack/Models/Heart.FBX
  artifactKey: Guid(9c2413a1021af9f40a88a30ec6cbd888) Importer(815301076,1909f56bfc062723c751e8b465ee728b)
Start importing Assets/ProtoPack/Models/Heart.FBX using Guid(9c2413a1021af9f40a88a30ec6cbd888) Importer(815301076,1909f56bfc062723c751e8b465ee728b)  -> (artifact id: 'f5de75b93924adb33aff8418f7017afa') in 0.020979 seconds 
  Import took 0.024555 seconds .

========================================================================
Received Import Request.
  Time since last request: 0.000215 seconds.
  path: Assets/ProtoPack/Models/Slime.FBX
  artifactKey: Guid(7e3d6ebb5622ed143bb0ec54f991078c) Importer(815301076,1909f56bfc062723c751e8b465ee728b)
Start importing Assets/ProtoPack/Models/Slime.FBX using Guid(7e3d6ebb5622ed143bb0ec54f991078c) Importer(815301076,1909f56bfc062723c751e8b465ee728b)  -> (artifact id: 'fbec32209c9e9a8b7a8249e1405e449b') in 0.029300 seconds 
  Import took 0.032929 seconds .

========================================================================
Received Import Request.
  Time since last request: 0.000298 seconds.
  path: Assets/ProtoPack/Models/Stopwatch.FBX
  artifactKey: Guid(59f9abfcfaf588d47a2a53d4e7a198bd) Importer(815301076,1909f56bfc062723c751e8b465ee728b)
Start importing Assets/ProtoPack/Models/Stopwatch.FBX using Guid(59f9abfcfaf588d47a2a53d4e7a198bd) Importer(815301076,1909f56bfc062723c751e8b465ee728b)  -> (artifact id: '1d98011cdcbc74bc5919717d32838570') in 0.018102 seconds 
  Import took 0.021163 seconds .

========================================================================
Received Import Request.
  Time since last request: 0.000283 seconds.
  path: Assets/ProtoPack/Models/Door.FBX
  artifactKey: Guid(5438421d231bc3f44868b132bb96cb9d) Importer(815301076,1909f56bfc062723c751e8b465ee728b)
Start importing Assets/ProtoPack/Models/Door.FBX using Guid(5438421d231bc3f44868b132bb96cb9d) Importer(815301076,1909f56bfc062723c751e8b465ee728b)  -> (artifact id: '5a6d99b0c7774f73501d983f8a595389') in 0.035125 seconds 
  Import took 0.038144 seconds .

========================================================================
Received Import Request.
  Time since last request: 0.000299 seconds.
  path: Assets/ProtoPack/Models/WallCorner.FBX
  artifactKey: Guid(909b4e3faa7a6a743a5f40cfc0b419f3) Importer(815301076,1909f56bfc062723c751e8b465ee728b)
Start importing Assets/ProtoPack/Models/WallCorner.FBX using Guid(909b4e3faa7a6a743a5f40cfc0b419f3) Importer(815301076,1909f56bfc062723c751e8b465ee728b)  -> (artifact id: 'a71abd680d41605baff59e603f73c7b0') in 0.020850 seconds 
  Import took 0.024294 seconds .

========================================================================
Received Import Request.
  Time since last request: 0.000255 seconds.
  path: Assets/ProtoPack/Models/Spikes.FBX
  artifactKey: Guid(822fa157f056c884db76790c583c2fd7) Importer(815301076,1909f56bfc062723c751e8b465ee728b)
Start importing Assets/ProtoPack/Models/Spikes.FBX using Guid(822fa157f056c884db76790c583c2fd7) Importer(815301076,1909f56bfc062723c751e8b465ee728b)  -> (artifact id: 'e9dc1e0bb235ec22d804dd9361711742') in 0.017365 seconds 
  Import took 0.020809 seconds .

========================================================================
Received Import Request.
  Time since last request: 0.000239 seconds.
  path: Assets/ProtoPack/Models/Rock.FBX
  artifactKey: Guid(c68c766b8f7aca14a896d93baa9f89ea) Importer(815301076,1909f56bfc062723c751e8b465ee728b)
Start importing Assets/ProtoPack/Models/Rock.FBX using Guid(c68c766b8f7aca14a896d93baa9f89ea) Importer(815301076,1909f56bfc062723c751e8b465ee728b)  -> (artifact id: 'e6904f1ea3e37369a69607e4baf9bbc8') in 0.020466 seconds 
  Import took 0.023891 seconds .

========================================================================
Received Import Request.
  Time since last request: 0.000313 seconds.
  path: Assets/ProtoPack/Models/FirstAid.FBX
  artifactKey: Guid(a9a5dbd7dc8ad434c830b12349df4455) Importer(815301076,1909f56bfc062723c751e8b465ee728b)
Start importing Assets/ProtoPack/Models/FirstAid.FBX using Guid(a9a5dbd7dc8ad434c830b12349df4455) Importer(815301076,1909f56bfc062723c751e8b465ee728b)  -> (artifact id: '08962d7be42ff44bdb491d77b6f5bae1') in 0.020510 seconds 
  Import took 0.023763 seconds .

========================================================================
Received Import Request.
  Time since last request: 0.000254 seconds.
  path: Assets/ProtoPack/Models/Wall.FBX
  artifactKey: Guid(fa84c29147aa6f74a8306d49bcc8edae) Importer(815301076,1909f56bfc062723c751e8b465ee728b)
Start importing Assets/ProtoPack/Models/Wall.FBX using Guid(fa84c29147aa6f74a8306d49bcc8edae) Importer(815301076,1909f56bfc062723c751e8b465ee728b)  -> (artifact id: '89ead9fe4c34beed5a9c18ccf9af0ba3') in 0.017743 seconds 
  Import took 0.021172 seconds .

========================================================================
Received Import Request.
  Time since last request: 0.000214 seconds.
  path: Assets/ProtoPack/Models/Crate.FBX
  artifactKey: Guid(3d2f3fd0c27d95640a50ed721dc46993) Importer(815301076,1909f56bfc062723c751e8b465ee728b)
Start importing Assets/ProtoPack/Models/Crate.FBX using Guid(3d2f3fd0c27d95640a50ed721dc46993) Importer(815301076,1909f56bfc062723c751e8b465ee728b)  -> (artifact id: '71a7b6bd8b8745c6a890cc5bbeee30f0') in 0.018085 seconds 
  Import took 0.021113 seconds .

========================================================================
Received Import Request.
  Time since last request: 0.000252 seconds.
  path: Assets/ProtoPack/Models/Coin.FBX
  artifactKey: Guid(f810a82c4bf58d646b9ef8bdce1668a3) Importer(815301076,1909f56bfc062723c751e8b465ee728b)
Start importing Assets/ProtoPack/Models/Coin.FBX using Guid(f810a82c4bf58d646b9ef8bdce1668a3) Importer(815301076,1909f56bfc062723c751e8b465ee728b)  -> (artifact id: '8cfdd393ad860c3f10586e76bc0eec61') in 0.018467 seconds 
  Import took 0.022374 seconds .

========================================================================
Received Import Request.
  Time since last request: 0.000286 seconds.
  path: Assets/ProtoPack/Models/Signpost.FBX
  artifactKey: Guid(9a2921b8237a291408ca196a36118d93) Importer(815301076,1909f56bfc062723c751e8b465ee728b)
Start importing Assets/ProtoPack/Models/Signpost.FBX using Guid(9a2921b8237a291408ca196a36118d93) Importer(815301076,1909f56bfc062723c751e8b465ee728b)  -> (artifact id: '6e561d69896212808d34cdff68d7f8cc') in 0.019491 seconds 
  Import took 0.022928 seconds .

========================================================================
Received Import Request.
  Time since last request: 0.000313 seconds.
  path: Assets/ProtoPack/Models/Key.FBX
  artifactKey: Guid(698967a7c6700364db4557c6d4ddc982) Importer(815301076,1909f56bfc062723c751e8b465ee728b)
Start importing Assets/ProtoPack/Models/Key.FBX using Guid(698967a7c6700364db4557c6d4ddc982) Importer(815301076,1909f56bfc062723c751e8b465ee728b)  -> (artifact id: 'e2d96e1b68f6ddc277c97e0d6409813f') in 0.018550 seconds 
  Import took 0.022263 seconds .

========================================================================
Received Import Request.
  Time since last request: 0.000352 seconds.
  path: Assets/ProtoPack/Models/Diamond.FBX
  artifactKey: Guid(817ad5138c5141641975ddebe9453849) Importer(815301076,1909f56bfc062723c751e8b465ee728b)
Start importing Assets/ProtoPack/Models/Diamond.FBX using Guid(817ad5138c5141641975ddebe9453849) Importer(815301076,1909f56bfc062723c751e8b465ee728b)  -> (artifact id: '0ab0fd5a435417829f50fb07baac2dc7') in 0.495576 seconds 
  Import took 0.499449 seconds .

========================================================================
Received Import Request.
  Time since last request: 0.000362 seconds.
  path: Assets/Resources/Models/skyscrapers.blend
  artifactKey: Guid(c3060515b3ee3ba42b889717301b3e01) Importer(815301076,1909f56bfc062723c751e8b465ee728b)
Start importing Assets/Resources/Models/skyscrapers.blend using Guid(c3060515b3ee3ba42b889717301b3e01) Importer(815301076,1909f56bfc062723c751e8b465ee728b)  -> (artifact id: '29ca3f3c7d8982e464aef12ad328c1b8') in 0.039514 seconds 
  Import took 0.042595 seconds .

========================================================================
Received Import Request.
  Time since last request: 0.000322 seconds.
  path: Assets/Resources/Models/airplane.blend
  artifactKey: Guid(e704b8ab7457673489a67d91420e75ab) Importer(815301076,1909f56bfc062723c751e8b465ee728b)
Start importing Assets/Resources/Models/airplane.blend using Guid(e704b8ab7457673489a67d91420e75ab) Importer(815301076,1909f56bfc062723c751e8b465ee728b)  -> (artifact id: '8e0a86157d28226115cd20251ebae915') in 0.015947 seconds 
  Import took 0.018641 seconds .

========================================================================
Received Import Request.
  Time since last request: 87.186009 seconds.
  path: Assets/ProtoPack/Materials/ChestTexture.mat
  artifactKey: Guid(17dcc53c0cc6a98479ce186390a40d48) Importer(815301076,1909f56bfc062723c751e8b465ee728b)
Start importing Assets/ProtoPack/Materials/ChestTexture.mat using Guid(17dcc53c0cc6a98479ce186390a40d48) Importer(815301076,1909f56bfc062723c751e8b465ee728b)  -> (artifact id: '953406fe19fcdfba6033d08868ded079') in 0.377189 seconds 
  Import took 0.381500 seconds .

========================================================================
Received Import Request.
  Time since last request: 0.002554 seconds.
  path: Assets/ProtoPack/Materials/CrateTexture.mat
  artifactKey: Guid(a571ac2412eb5314997dc7ad39f4ddb0) Importer(815301076,1909f56bfc062723c751e8b465ee728b)
Start importing Assets/ProtoPack/Materials/CrateTexture.mat using Guid(a571ac2412eb5314997dc7ad39f4ddb0) Importer(815301076,1909f56bfc062723c751e8b465ee728b)  -> (artifact id: 'ab6ee587308bf68981dfd10b4c0837c0') in 0.010909 seconds 
  Import took 0.013998 seconds .

========================================================================
Received Import Request.
  Time since last request: 0.000261 seconds.
  path: Assets/Resources/Models/Materials/Door.mat
  artifactKey: Guid(1b854ac3cd63183409f9bd508f24776b) Importer(815301076,1909f56bfc062723c751e8b465ee728b)
Start importing Assets/Resources/Models/Materials/Door.mat using Guid(1b854ac3cd63183409f9bd508f24776b) Importer(815301076,1909f56bfc062723c751e8b465ee728b)  -> (artifact id: 'd967789db069c8533653cd9d580d2b89') in 0.008456 seconds 
  Import took 0.012008 seconds .

========================================================================
Received Import Request.
  Time since last request: 0.000281 seconds.
  path: Assets/Resources/Materials/clouds.mat
  artifactKey: Guid(89ce2e4567131f24d9da5e62742be598) Importer(815301076,1909f56bfc062723c751e8b465ee728b)
Start importing Assets/Resources/Materials/clouds.mat using Guid(89ce2e4567131f24d9da5e62742be598) Importer(815301076,1909f56bfc062723c751e8b465ee728b)  -> (artifact id: '70dc2838b4acf09317f90df74990fb9f') in 0.410022 seconds 
  Import took 0.413185 seconds .

========================================================================
Received Import Request.
  Time since last request: 0.000223 seconds.
  path: Assets/ProtoPack/Materials/StopwatchTexture.mat
  artifactKey: Guid(61883cdd0595c0845a447e325f6b3e80) Importer(815301076,1909f56bfc062723c751e8b465ee728b)
Start importing Assets/ProtoPack/Materials/StopwatchTexture.mat using Guid(61883cdd0595c0845a447e325f6b3e80) Importer(815301076,1909f56bfc062723c751e8b465ee728b)  -> (artifact id: 'd5da04eda3392a2ee522d505cfd4c348') in 0.008636 seconds 
  Import took 0.011976 seconds .

========================================================================
Received Import Request.
  Time since last request: 0.000235 seconds.
  path: Assets/ProtoPack/Materials/WallTextureBlack.mat
  artifactKey: Guid(53258ed5d478d95409e076835c2984b4) Importer(815301076,1909f56bfc062723c751e8b465ee728b)
Start importing Assets/ProtoPack/Materials/WallTextureBlack.mat using Guid(53258ed5d478d95409e076835c2984b4) Importer(815301076,1909f56bfc062723c751e8b465ee728b)  -> (artifact id: '2476fac7822a022c2496ca6037c411c5') in 0.008648 seconds 
  Import took 0.011727 seconds .

========================================================================
Received Import Request.
  Time since last request: 0.000186 seconds.
  path: Assets/ProtoPack/Materials/GreenFloor.mat
  artifactKey: Guid(6fb9fd85d30a17e4d980c042c42d2305) Importer(815301076,1909f56bfc062723c751e8b465ee728b)
Start importing Assets/ProtoPack/Materials/GreenFloor.mat using Guid(6fb9fd85d30a17e4d980c042c42d2305) Importer(815301076,1909f56bfc062723c751e8b465ee728b)  -> (artifact id: '76546682964ddc1e48aed5098a146615') in 0.008257 seconds 
  Import took 0.011185 seconds .

========================================================================
Received Import Request.
  Time since last request: 0.000230 seconds.
  path: Assets/ProtoPack/Materials/PlayerTexture.mat
  artifactKey: Guid(226414652a16d5b49ab53d6d0f19cdba) Importer(815301076,1909f56bfc062723c751e8b465ee728b)
Start importing Assets/ProtoPack/Materials/PlayerTexture.mat using Guid(226414652a16d5b49ab53d6d0f19cdba) Importer(815301076,1909f56bfc062723c751e8b465ee728b)  -> (artifact id: 'f34781013465116903c93436e713979e') in 0.013581 seconds 
  Import took 0.016453 seconds .

========================================================================
Received Import Request.
  Time since last request: 0.000238 seconds.
  path: Assets/ProtoPack/Materials/SpikesTexture.mat
  artifactKey: Guid(a40b2b9b46ac4554da0c52d925955137) Importer(815301076,1909f56bfc062723c751e8b465ee728b)
Start importing Assets/ProtoPack/Materials/SpikesTexture.mat using Guid(a40b2b9b46ac4554da0c52d925955137) Importer(815301076,1909f56bfc062723c751e8b465ee728b)  -> (artifact id: 'bf171045c2b9a629b67fe7c9dfe8a5cb') in 0.009406 seconds 
  Import took 0.012446 seconds .

========================================================================
Received Import Request.
  Time since last request: 0.000250 seconds.
  path: Assets/Resources/Models/Materials/Material_002.mat
  artifactKey: Guid(a7ffe19a9c25ff046acb7e9fe3b89ddf) Importer(815301076,1909f56bfc062723c751e8b465ee728b)
Start importing Assets/Resources/Models/Materials/Material_002.mat using Guid(a7ffe19a9c25ff046acb7e9fe3b89ddf) Importer(815301076,1909f56bfc062723c751e8b465ee728b)  -> (artifact id: 'a919a56c384ba981c0fdf17c24e6042e') in 0.007188 seconds 
  Import took 0.010961 seconds .

========================================================================
Received Import Request.
  Time since last request: 0.000178 seconds.
  path: Assets/ProtoPack/Materials/RockTexture.mat
  artifactKey: Guid(7206ac545f2f7f34b81f2de8761fac0e) Importer(815301076,1909f56bfc062723c751e8b465ee728b)
Start importing Assets/ProtoPack/Materials/RockTexture.mat using Guid(7206ac545f2f7f34b81f2de8761fac0e) Importer(815301076,1909f56bfc062723c751e8b465ee728b)  -> (artifact id: '230b68ef6d732ab766dee38ee08af3b6') in 0.008400 seconds 
  Import took 0.011592 seconds .

========================================================================
Received Import Request.
  Time since last request: 0.000186 seconds.
  path: Assets/Resources/Models/Materials/Skyscraper.mat
  artifactKey: Guid(f2c0f4295a699a249a50eacb574fc079) Importer(815301076,1909f56bfc062723c751e8b465ee728b)
Start importing Assets/Resources/Models/Materials/Skyscraper.mat using Guid(f2c0f4295a699a249a50eacb574fc079) Importer(815301076,1909f56bfc062723c751e8b465ee728b)  -> (artifact id: 'c8f51ce59fcbd8523dd52ae9a1ae668d') in 0.007801 seconds 
  Import took 0.011041 seconds .

========================================================================
Received Import Request.
  Time since last request: 0.000235 seconds.
  path: Assets/ProtoPack/Materials/PlatformTexture.mat
  artifactKey: Guid(98190da2f349e4241b84334b05e3c3e7) Importer(815301076,1909f56bfc062723c751e8b465ee728b)
Start importing Assets/ProtoPack/Materials/PlatformTexture.mat using Guid(98190da2f349e4241b84334b05e3c3e7) Importer(815301076,1909f56bfc062723c751e8b465ee728b)  -> (artifact id: 'ca3f03bc8096d7464a494fd8300cab22') in 0.008908 seconds 
  Import took 0.012681 seconds .

========================================================================
Received Import Request.
  Time since last request: 0.000225 seconds.
  path: Assets/ProtoPack/Materials/StarTexture.mat
  artifactKey: Guid(6a05913d921805c4481978aa27606244) Importer(815301076,1909f56bfc062723c751e8b465ee728b)
Start importing Assets/ProtoPack/Materials/StarTexture.mat using Guid(6a05913d921805c4481978aa27606244) Importer(815301076,1909f56bfc062723c751e8b465ee728b)  -> (artifact id: '2c745311bee3d6ae633f4cbe539c6e24') in 0.008777 seconds 
  Import took 0.012106 seconds .

========================================================================
Received Import Request.
  Time since last request: 0.000270 seconds.
  path: Assets/ProtoPack/Materials/KeyTexture.mat
  artifactKey: Guid(9cbc55ed513fe50499532a803ea00575) Importer(815301076,1909f56bfc062723c751e8b465ee728b)
Start importing Assets/ProtoPack/Materials/KeyTexture.mat using Guid(9cbc55ed513fe50499532a803ea00575) Importer(815301076,1909f56bfc062723c751e8b465ee728b)  -> (artifact id: '556a5ff5fcff31f817853373779ed107') in 0.008807 seconds 
  Import took 0.012050 seconds .

========================================================================
Received Import Request.
  Time since last request: 0.000210 seconds.
  path: Assets/Resources/Models/Materials/Skyscraper_3.mat
  artifactKey: Guid(50119097a19cd0e409ee8cb7b763988a) Importer(815301076,1909f56bfc062723c751e8b465ee728b)
Start importing Assets/Resources/Models/Materials/Skyscraper_3.mat using Guid(50119097a19cd0e409ee8cb7b763988a) Importer(815301076,1909f56bfc062723c751e8b465ee728b)  -> (artifact id: '6f34bc7fa128ac90753a196fbabb95b5') in 0.008550 seconds 
  Import took 0.011616 seconds .

========================================================================
Received Import Request.
  Time since last request: 0.000214 seconds.
  path: Assets/ProtoPack/Materials/SlimeTexture.mat
  artifactKey: Guid(ee93d6862e8524248bf6c7c3a134946e) Importer(815301076,1909f56bfc062723c751e8b465ee728b)
Start importing Assets/ProtoPack/Materials/SlimeTexture.mat using Guid(ee93d6862e8524248bf6c7c3a134946e) Importer(815301076,1909f56bfc062723c751e8b465ee728b)  -> (artifact id: 'b29e91502b277481f9f5e37dda2cbbf5') in 0.008966 seconds 
  Import took 0.012264 seconds .

========================================================================
Received Import Request.
  Time since last request: 0.000201 seconds.
  path: Assets/ProtoPack/Materials/DoorTexture.mat
  artifactKey: Guid(720221bdc05ef524189a1e5346db6b72) Importer(815301076,1909f56bfc062723c751e8b465ee728b)
Start importing Assets/ProtoPack/Materials/DoorTexture.mat using Guid(720221bdc05ef524189a1e5346db6b72) Importer(815301076,1909f56bfc062723c751e8b465ee728b)  -> (artifact id: '62d9c4a13462df74892c2e3a55cc9daa') in 0.009648 seconds 
  Import took 0.012682 seconds .

========================================================================
Received Import Request.
  Time since last request: 0.000220 seconds.
  path: Assets/Resources/Fonts/SuperMario256.ttf
  artifactKey: Guid(5a8cd30882ebf464fb9563c863720120) Importer(815301076,1909f56bfc062723c751e8b465ee728b)
Start importing Assets/Resources/Fonts/SuperMario256.ttf using Guid(5a8cd30882ebf464fb9563c863720120) Importer(815301076,1909f56bfc062723c751e8b465ee728b)  -> (artifact id: '579aa06d6aef8972271df5165ba0ee7d') in 1.809805 seconds 
  Import took 1.813669 seconds .

========================================================================
Received Import Request.
  Time since last request: 0.004084 seconds.
  path: Assets/Resources/Prefabs/Coin.prefab
  artifactKey: Guid(ee4a50b2d53520f4ba6f4a153747053c) Importer(815301076,1909f56bfc062723c751e8b465ee728b)
Start importing Assets/Resources/Prefabs/Coin.prefab using Guid(ee4a50b2d53520f4ba6f4a153747053c) Importer(815301076,1909f56bfc062723c751e8b465ee728b)  -> (artifact id: '6f2c6a32f227bf508d7423e3625f06d5') in 0.172332 seconds 
  Import took 0.175909 seconds .

========================================================================
Received Import Request.
  Time since last request: 0.002923 seconds.
  path: Assets/Resources/Prefabs/Yellow Skyscraper.prefab
  artifactKey: Guid(8caa41d1efabe044e86428577249b605) Importer(815301076,1909f56bfc062723c751e8b465ee728b)
Start importing Assets/Resources/Prefabs/Yellow Skyscraper.prefab using Guid(8caa41d1efabe044e86428577249b605) Importer(815301076,1909f56bfc062723c751e8b465ee728b)  -> (artifact id: '2b98a16b0aa12a15073d78e73c5e27ca') in 0.008704 seconds 
  Import took 0.012034 seconds .

========================================================================
Received Import Request.
  Time since last request: 0.000207 seconds.
  path: Assets/Resources/Prefabs/Helicopter.prefab
  artifactKey: Guid(6286352776fdf4d6e9fa6c20b6485cb1) Importer(815301076,1909f56bfc062723c751e8b465ee728b)
Start importing Assets/Resources/Prefabs/Helicopter.prefab using Guid(6286352776fdf4d6e9fa6c20b6485cb1) Importer(815301076,1909f56bfc062723c751e8b465ee728b)  -> (artifact id: 'f19e3beaae21fd8eb3b40f3340c11cba') in 0.086819 seconds 
  Import took 0.090093 seconds .

========================================================================
Received Import Request.
  Time since last request: 0.000266 seconds.
  path: Assets/Resources/Prefabs/Body.prefab
  artifactKey: Guid(fe9e3cdb0c6e44565a705cb5bd0ddb60) Importer(815301076,1909f56bfc062723c751e8b465ee728b)
Start importing Assets/Resources/Prefabs/Body.prefab using Guid(fe9e3cdb0c6e44565a705cb5bd0ddb60) Importer(815301076,1909f56bfc062723c751e8b465ee728b)  -> (artifact id: 'b19080697cd294eef35483ca300d481b') in 0.007832 seconds 
  Import took 0.010764 seconds .

========================================================================
Received Import Request.
  Time since last request: 0.000204 seconds.
  path: Assets/Resources/Prefabs/Red Skyscaper.prefab
  artifactKey: Guid(97f15eda0faf9844993b2f5c1923fdce) Importer(815301076,1909f56bfc062723c751e8b465ee728b)
Start importing Assets/Resources/Prefabs/Red Skyscaper.prefab using Guid(97f15eda0faf9844993b2f5c1923fdce) Importer(815301076,1909f56bfc062723c751e8b465ee728b)  -> (artifact id: '6a4ee371234a5bdc0ad0baef1c1141a9') in 0.007312 seconds 
  Import took 0.010887 seconds .

========================================================================
Received Import Request.
  Time since last request: 0.000206 seconds.
  path: Assets/Resources/Prefabs/Blades.prefab
  artifactKey: Guid(2ea6a549af472470ca1c4480bda45464) Importer(815301076,1909f56bfc062723c751e8b465ee728b)
Start importing Assets/Resources/Prefabs/Blades.prefab using Guid(2ea6a549af472470ca1c4480bda45464) Importer(815301076,1909f56bfc062723c751e8b465ee728b)  -> (artifact id: 'c6856f852b78be887ae0992320778e85') in 0.007195 seconds 
  Import took 0.010150 seconds .

========================================================================
Received Import Request.
  Time since last request: 0.000189 seconds.
  path: Assets/Resources/Prefabs/Airplane.prefab
  artifactKey: Guid(f2c4455dd3c49124e892476a836c2f1f) Importer(815301076,1909f56bfc062723c751e8b465ee728b)
Start importing Assets/Resources/Prefabs/Airplane.prefab using Guid(f2c4455dd3c49124e892476a836c2f1f) Importer(815301076,1909f56bfc062723c751e8b465ee728b)  -> (artifact id: 'c8bbcca64cc39e9089b43a7ea76c1a20') in 0.008080 seconds 
  Import took 0.010890 seconds .

========================================================================
Received Import Request.
  Time since last request: 0.000194 seconds.
  path: Assets/ProtoPack/Materials/WallTexture.mat
  artifactKey: Guid(8f81960a975922c4988f3c4425f40cce) Importer(815301076,1909f56bfc062723c751e8b465ee728b)
Start importing Assets/ProtoPack/Materials/WallTexture.mat using Guid(8f81960a975922c4988f3c4425f40cce) Importer(815301076,1909f56bfc062723c751e8b465ee728b)  -> (artifact id: 'bd415e779e9a72935b667326b001a087') in 0.008710 seconds 
  Import took 0.011624 seconds .

========================================================================
Received Import Request.
  Time since last request: 0.000207 seconds.
  path: Assets/ProtoPack/Materials/HeartTexture.mat
  artifactKey: Guid(4bab2ed8a6908d14e904e104bbf0a8e7) Importer(815301076,1909f56bfc062723c751e8b465ee728b)
Start importing Assets/ProtoPack/Materials/HeartTexture.mat using Guid(4bab2ed8a6908d14e904e104bbf0a8e7) Importer(815301076,1909f56bfc062723c751e8b465ee728b)  -> (artifact id: '8735f8fcaf69e8a3cd431e1731c16ca7') in 0.008244 seconds 
  Import took 0.011342 seconds .

========================================================================
Received Import Request.
  Time since last request: 0.000235 seconds.
  path: Assets/Resources/Materials/maxresdefault.mat
  artifactKey: Guid(aa0d703d262c5644bb0d8bb88f70883b) Importer(815301076,1909f56bfc062723c751e8b465ee728b)
Start importing Assets/Resources/Materials/maxresdefault.mat using Guid(aa0d703d262c5644bb0d8bb88f70883b) Importer(815301076,1909f56bfc062723c751e8b465ee728b)  -> (artifact id: 'e4323bc9e406b9fa56264e1d6bf7a82f') in 0.007418 seconds 
  Import took 0.010745 seconds .

========================================================================
Received Import Request.
  Time since last request: 0.000242 seconds.
  path: Packages/com.unity.analytics/DataPrivacy/DataPrivacyButton.prefab
  artifactKey: Guid(71b11355001648444b41d17fd36c150d) Importer(815301076,1909f56bfc062723c751e8b465ee728b)
Start importing Packages/com.unity.analytics/DataPrivacy/DataPrivacyButton.prefab using Guid(71b11355001648444b41d17fd36c150d) Importer(815301076,1909f56bfc062723c751e8b465ee728b)  -> (artifact id: '09f9b9e315ebd1998aa1d3e23c6e34d4') in 0.023146 seconds 
  Import took 0.026190 seconds .

========================================================================
Received Import Request.
  Time since last request: 0.000191 seconds.
  path: Assets/ProtoPack/Materials/FirstAidTexture.mat
  artifactKey: Guid(55e33aba0b6c151429142a653ba23620) Importer(815301076,1909f56bfc062723c751e8b465ee728b)
Start importing Assets/ProtoPack/Materials/FirstAidTexture.mat using Guid(55e33aba0b6c151429142a653ba23620) Importer(815301076,1909f56bfc062723c751e8b465ee728b)  -> (artifact id: 'b0277ccab5b808e8e9907210e45341a5') in 0.009383 seconds 
  Import took 0.012657 seconds .

========================================================================
Received Import Request.
  Time since last request: 0.000206 seconds.
  path: Assets/Resources/Models/Materials/Helicopter_001.mat
  artifactKey: Guid(101c90c35d9ba4f208b10edb375f0a44) Importer(815301076,1909f56bfc062723c751e8b465ee728b)
Start importing Assets/Resources/Models/Materials/Helicopter_001.mat using Guid(101c90c35d9ba4f208b10edb375f0a44) Importer(815301076,1909f56bfc062723c751e8b465ee728b)  -> (artifact id: 'acc96b8e74b31432716827cfbc3f6fc0') in 0.008354 seconds 
  Import took 0.011443 seconds .

========================================================================
Received Import Request.
  Time since last request: 0.000248 seconds.
  path: Assets/Resources/Prefabs/Green Skyscraper.prefab
  artifactKey: Guid(969c01caa74c2f74ea7896158e885a51) Importer(815301076,1909f56bfc062723c751e8b465ee728b)
Start importing Assets/Resources/Prefabs/Green Skyscraper.prefab using Guid(969c01caa74c2f74ea7896158e885a51) Importer(815301076,1909f56bfc062723c751e8b465ee728b)  -> (artifact id: 'e13ff72691527442619d824c1c810c48') in 0.009298 seconds 
  Import took 0.012411 seconds .

========================================================================
Received Import Request.
  Time since last request: 0.000196 seconds.
  path: Assets/ProtoPack/Materials/SignpostTexture.mat
  artifactKey: Guid(9f9445f7468c57449bd7eea117683f62) Importer(815301076,1909f56bfc062723c751e8b465ee728b)
Start importing Assets/ProtoPack/Materials/SignpostTexture.mat using Guid(9f9445f7468c57449bd7eea117683f62) Importer(815301076,1909f56bfc062723c751e8b465ee728b)  -> (artifact id: '3ffec61d0c293e7ed811759c5b6e1d16') in 0.009402 seconds 
  Import took 0.012542 seconds .

========================================================================
Received Import Request.
  Time since last request: 0.000208 seconds.
  path: Assets/Resources/Models/Materials/Material_001.mat
  artifactKey: Guid(a504b9a3929ea314684f78085345b659) Importer(815301076,1909f56bfc062723c751e8b465ee728b)
Start importing Assets/Resources/Models/Materials/Material_001.mat using Guid(a504b9a3929ea314684f78085345b659) Importer(815301076,1909f56bfc062723c751e8b465ee728b)  -> (artifact id: '3439f012e312aba39994919e1172ba8b') in 0.007235 seconds 
  Import took 0.010477 seconds .

========================================================================
Received Import Request.
  Time since last request: 0.000238 seconds.
  path: Assets/ProtoPack/Materials/DiamondTexture.mat
  artifactKey: Guid(701e58a0f5c4a754c9a71e291b9d2935) Importer(815301076,1909f56bfc062723c751e8b465ee728b)
Start importing Assets/ProtoPack/Materials/DiamondTexture.mat using Guid(701e58a0f5c4a754c9a71e291b9d2935) Importer(815301076,1909f56bfc062723c751e8b465ee728b)  -> (artifact id: 'b28911dad72a307149c1a051a30fb5ca') in 0.008726 seconds 
  Import took 0.012173 seconds .

========================================================================
Received Import Request.
  Time since last request: 0.000209 seconds.
  path: Assets/ProtoPack/Materials/CoinTexture.mat
  artifactKey: Guid(1cea35320a20d47428f0d71909a01613) Importer(815301076,1909f56bfc062723c751e8b465ee728b)
Start importing Assets/ProtoPack/Materials/CoinTexture.mat using Guid(1cea35320a20d47428f0d71909a01613) Importer(815301076,1909f56bfc062723c751e8b465ee728b)  -> (artifact id: '296eac285dc99ae5ef0a437d89e0269d') in 0.008913 seconds 
  Import took 0.011925 seconds .

========================================================================
Received Import Request.
  Time since last request: 0.000222 seconds.
  path: Assets/ProtoPack/Materials/WallCornerTexture.mat
  artifactKey: Guid(adeef9dcfb9abce4d9459b2755a79040) Importer(815301076,1909f56bfc062723c751e8b465ee728b)
Start importing Assets/ProtoPack/Materials/WallCornerTexture.mat using Guid(adeef9dcfb9abce4d9459b2755a79040) Importer(815301076,1909f56bfc062723c751e8b465ee728b)  -> (artifact id: '5c7318d1241702469d37a09949f882e0') in 0.008963 seconds 
  Import took 0.011910 seconds .

========================================================================
Received Import Request.
  Time since last request: 0.000203 seconds.
  path: Assets/ProtoPack/Materials/MacheteTexture.mat
  artifactKey: Guid(400ca79f718222445b166ca9e98571c7) Importer(815301076,1909f56bfc062723c751e8b465ee728b)
Start importing Assets/ProtoPack/Materials/MacheteTexture.mat using Guid(400ca79f718222445b166ca9e98571c7) Importer(815301076,1909f56bfc062723c751e8b465ee728b)  -> (artifact id: '5ced86045aee172fa43b2405d6f17da8') in 0.008648 seconds 
  Import took 0.011570 seconds .

========================================================================
Received Import Request.
  Time since last request: 0.000219 seconds.
  path: Assets/Resources/Models/Materials/Material.mat
  artifactKey: Guid(0ccd4756e09e19d439710b1cd75904b7) Importer(815301076,1909f56bfc062723c751e8b465ee728b)
Start importing Assets/Resources/Models/Materials/Material.mat using Guid(0ccd4756e09e19d439710b1cd75904b7) Importer(815301076,1909f56bfc062723c751e8b465ee728b)  -> (artifact id: '15a5f5ac14ec2f52b6337329a649f4b5') in 0.007934 seconds 
  Import took 0.011000 seconds .

========================================================================
Received Import Request.
  Time since last request: 0.000224 seconds.
  path: Assets/Resources/Models/Materials/Propellers.mat
  artifactKey: Guid(2e9d4ea6c7ce24b7ba1fdc04a96c677a) Importer(815301076,1909f56bfc062723c751e8b465ee728b)
Start importing Assets/Resources/Models/Materials/Propellers.mat using Guid(2e9d4ea6c7ce24b7ba1fdc04a96c677a) Importer(815301076,1909f56bfc062723c751e8b465ee728b)  -> (artifact id: '9263120d9f7e326061159d5dfb582359') in 0.007348 seconds 
  Import took 0.010365 seconds .

========================================================================
Received Import Request.
  Time since last request: 0.000206 seconds.
  path: Packages/com.unity.xr.legacyinputhelpers/Prefabs/XRRig.prefab
  artifactKey: Guid(c116b7497ab8ca34c9188965d4295e27) Importer(815301076,1909f56bfc062723c751e8b465ee728b)
Start importing Packages/com.unity.xr.legacyinputhelpers/Prefabs/XRRig.prefab using Guid(c116b7497ab8ca34c9188965d4295e27) Importer(815301076,1909f56bfc062723c751e8b465ee728b)  -> (artifact id: '4e0993ac88694dc4088532330439dbe4') in 0.008347 seconds 
  Import took 0.011193 seconds .

========================================================================
Received Import Request.
  Time since last request: 0.000246 seconds.
  path: Assets/Resources/Models/Materials/Skyscraper_2.mat
  artifactKey: Guid(0a2b2a202aaa71f4b8b6543b7e3e6ff5) Importer(815301076,1909f56bfc062723c751e8b465ee728b)
Start importing Assets/Resources/Models/Materials/Skyscraper_2.mat using Guid(0a2b2a202aaa71f4b8b6543b7e3e6ff5) Importer(815301076,1909f56bfc062723c751e8b465ee728b)  -> (artifact id: 'c8d4e43bca269c931d39b62451822943') in 0.007392 seconds 
  Import took 0.010113 seconds .

========================================================================
Received Import Request.
  Time since last request: 261.491346 seconds.
  path: Packages/com.unity.ugui
  artifactKey: Guid(8f7652e09069a1943278893d4264401e) Importer(815301076,1909f56bfc062723c751e8b465ee728b)
Start importing Packages/com.unity.ugui using Guid(8f7652e09069a1943278893d4264401e) Importer(815301076,1909f56bfc062723c751e8b465ee728b)  -> (artifact id: '9be8eef517426cf4e5d1ef023f0f7cab') in 0.004741 seconds 
  Import took 0.009810 seconds .

========================================================================
Received Import Request.
  Time since last request: 0.062053 seconds.
  path: Packages/com.unity.ugui/package.json
  artifactKey: Guid(319b8889f363f5947acf209c17a94149) Importer(815301076,1909f56bfc062723c751e8b465ee728b)
Start importing Packages/com.unity.ugui/package.json using Guid(319b8889f363f5947acf209c17a94149) Importer(815301076,1909f56bfc062723c751e8b465ee728b)  -> (artifact id: '39d1f12f0f4420a8b9dea50868bbb5d0') in 1.519289 seconds 
  Import took 1.523845 seconds .

========================================================================
Received Import Request.
  Time since last request: 1011.014286 seconds.
  path: Assets/Resources/Scenes/Main/LightingData.asset
  artifactKey: Guid(4abefa3c82aeee5428ff0b8f56e754ee) Importer(815301076,1909f56bfc062723c751e8b465ee728b)
Start importing Assets/Resources/Scenes/Main/LightingData.asset using Guid(4abefa3c82aeee5428ff0b8f56e754ee) Importer(815301076,1909f56bfc062723c751e8b465ee728b) Lighting data asset ‘LightingData’ is incompatible with the current Unity version. Please use Generate Lighting to rebuild the lighting data.  Realtime Global Illumination cannot be used until the lighting data is rebuilt.
 -> (artifact id: 'd381ccb8b532eb47dacc444c28749c36') in 0.999650 seconds 
  Import took 1.011689 seconds .

========================================================================
Received Import Request.
  Time since last request: 0.001629 seconds.
  path: Assets/Resources/Scenes/Main/ReflectionProbe-0.exr
  artifactKey: Guid(23cc83877967c914d9f414f90ac2a060) Importer(815301076,1909f56bfc062723c751e8b465ee728b)
Start importing Assets/Resources/Scenes/Main/ReflectionProbe-0.exr using Guid(23cc83877967c914d9f414f90ac2a060) Importer(815301076,1909f56bfc062723c751e8b465ee728b)  -> (artifact id: '3bf5dba1d14fdfb0d89f4d08464b22af') in 1.065416 seconds 
  Import took 1.069344 seconds .

========================================================================
Received Import Request.
  Time since last request: 6.078789 seconds.
  path: Assets/Resources/Scenes/Main.unity
  artifactKey: Guid(8af6e9cbc95e34251b5d32b0dead9b2d) Importer(815301076,1909f56bfc062723c751e8b465ee728b)
Start importing Assets/Resources/Scenes/Main.unity using Guid(8af6e9cbc95e34251b5d32b0dead9b2d) Importer(815301076,1909f56bfc062723c751e8b465ee728b)  -> (artifact id: '477828fa1111b7da64759db91f327bf2') in 0.002125 seconds 
  Import took 0.005883 seconds .

========================================================================
Received Prepare
Registering precompiled user dll's ...
Registered in 0.001903 seconds.
Begin MonoManager ReloadAssembly
Native extension for OSXStandalone target not found
Refreshing native plugins compatible for Editor in 0.58 ms, found 2 plugins.
Preloading 0 native plugins for Editor in 0.00 ms.
Mono: successfully reloaded assembly
- Completed reload, in  1.227 seconds
Domain Reload Profiling:
	ReloadAssembly (1228ms)
		BeginReloadAssembly (149ms)
			ExecutionOrderSort (0ms)
			DisableScriptedObjects (7ms)
			BackupInstance (0ms)
			ReleaseScriptingObjects (0ms)
			CreateAndSetChildDomain (72ms)
		EndReloadAssembly (1004ms)
			LoadAssemblies (85ms)
			RebuildTransferFunctionScriptingTraits (0ms)
			SetupTypeCache (337ms)
			ReleaseScriptCaches (1ms)
			RebuildScriptCaches (59ms)
			SetupLoadedEditorAssemblies (401ms)
				LogAssemblyErrors (0ms)
				InitializePlatformSupportModulesInManaged (5ms)
				SetLoadedEditorAssemblies (1ms)
				RefreshPlugins (1ms)
				BeforeProcessingInitializeOnLoad (105ms)
				ProcessInitializeOnLoadAttributes (249ms)
				ProcessInitializeOnLoadMethodAttributes (39ms)
				AfterProcessingInitializeOnLoad (1ms)
				EditorAssembliesLoaded (0ms)
			ExecutionOrderSort2 (0ms)
			AwakeInstancesAfterBackupRestoration (8ms)
Platform modules already initialized, skipping
Refreshing native plugins compatible for Editor in 0.58 ms, found 2 plugins.
Preloading 0 native plugins for Editor in 0.00 ms.
Unloading 1975 Unused Serialized files (Serialized files now loaded: 0)
System memory in use before: 212.3 MB.
System memory in use after: 212.4 MB.

Unloading 51 unused Assets to reduce memory usage. Loaded Objects now: 2483.
Total: 5.993049 ms (FindLiveObjects: 0.210935 ms CreateObjectMapping: 0.068953 ms MarkObjects: 5.672508 ms  DeleteObjects: 0.039700 ms)

AssetImportParameters requested are different than current active one (requested -> active):
  custom:video-decoder-ogg-theora: a1e56fd34408186e4bbccfd4996cb3dc -> 
  custom:container-muxer-webm: aa71ff27fc2769a1b78a27578f13a17b -> 
  custom:container-demuxer-webm: 4f35f7cbe854078d1ac9338744f61a02 -> 
  custom:container-demuxer-ogg: 62fdf1f143b41e24485cea50d1cbac27 -> 
  custom:video-encoder-webm-vp8: eb34c28f22e8b96e1ab97ce403110664 -> 
  custom:framework-osx-AVFoundation: e770b220cccbd017edd2c1fefb359320 -> 
  custom:video-decoder-webm-vp8: 9c59270c3fd7afecdb556c50c9e8de78 -> 
  custom:audio-decoder-ogg-vorbis: bf7c407c2cedff20999df2af8eb42d56 -> 
  custom:audio-encoder-webm-vorbis: bf7c407c2cedff20999df2af8eb42d56 -> 
========================================================================
Received Import Request.
  Time since last request: 409.011032 seconds.
  path: Assets/Resources/Models/Materials/Window.mat
  artifactKey: Guid(7839318898ab24071876632a6802cb9f) Importer(815301076,1909f56bfc062723c751e8b465ee728b)
Start importing Assets/Resources/Models/Materials/Window.mat using Guid(7839318898ab24071876632a6802cb9f) Importer(815301076,1909f56bfc062723c751e8b465ee728b)  -> (artifact id: 'de90f713879ccfb342ee687c4dd4d060') in 0.070436 seconds 
  Import took 0.073827 seconds .

========================================================================
Received Import Request.
  Time since last request: 0.000261 seconds.
  path: Assets/Resources/Models/Materials/Windows.mat
  artifactKey: Guid(8fc43ef3a63f3c443bafb68cd3ff93ad) Importer(815301076,1909f56bfc062723c751e8b465ee728b)
Start importing Assets/Resources/Models/Materials/Windows.mat using Guid(8fc43ef3a63f3c443bafb68cd3ff93ad) Importer(815301076,1909f56bfc062723c751e8b465ee728b)  -> (artifact id: '1fb89d3c587cec49532d401e4178e0e3') in 0.009444 seconds 
  Import took 0.012726 seconds .

